Início do monitoramento:
[2024-11-16 20:03:06.994550] O site está online. Tempo de resposta: 1.21s
[2024-11-16 20:04:08.003462] O site está online. Tempo de resposta: 1.01s
[2024-11-16 20:05:09.009464] O site está online. Tempo de resposta: 1.00s
[2024-11-16 20:06:10.689309] O site está online. Tempo de resposta: 1.68s
[2024-11-16 20:07:11.696895] O site está online. Tempo de resposta: 1.01s
[2024-11-16 20:08:13.986427] O site está online. Tempo de resposta: 2.26s
[2024-11-16 20:09:09.894637] ('Connection aborted.', ConnectionResetError(10054, 'Foi forçado o cancelamento de uma conexão existente pelo host remoto', None, 10054, None))
[2024-11-16 20:09:40.528490] Não foi possível acessar o site. Erro: HTTPSConnectionPool(host='jolly-beach-0238f9a1e.5.azurestaticapps.net', port=443): Read timed out. (read timeout=10)
[2024-11-16 20:10:21.039141] HTTPSConnectionPool(host='jolly-beach-0238f9a1e.5.azurestaticapps.net', port=443): Max retries exceeded with url: / (Caused by NameResolutionError("<urllib3.connection.HTTPSConnection object at 0x000001EB8B8F1710>: Failed to resolve 'jolly-beach-0238f9a1e.5.azurestaticapps.net' ([Errno 11001] getaddrinfo failed)"))
[2024-11-16 20:10:51.755600] Não foi possível acessar o site. Erro: HTTPSConnectionPool(host='jolly-beach-0238f9a1e.5.azurestaticapps.net', port=443): Max retries exceeded with url: / (Caused by NameResolutionError("<urllib3.connection.HTTPSConnection object at 0x00000182AD4A03D0>: Failed to resolve 'jolly-beach-0238f9a1e.5.azurestaticapps.net' ([Errno 11001] getaddrinfo failed)"))
[2024-11-16 20:11:41.401362] ('Connection aborted.', ConnectionResetError(10054, 'Foi forçado o cancelamento de uma conexão existente pelo host remoto', None, 10054, None))
[2024-11-16 20:12:13.019845] Não foi possível acessar o site. Erro: HTTPSConnectionPool(host='jolly-beach-0238f9a1e.5.azurestaticapps.net', port=443): Max retries exceeded with url: / (Caused by ConnectTimeoutError(<urllib3.connection.HTTPSConnection object at 0x00000182AEC35DD0>, 'Connection to jolly-beach-0238f9a1e.5.azurestaticapps.net timed out. (connect timeout=10)'))
[2024-11-16 20:13:15.333662] O site está online. Tempo de resposta: 2.30s
[2024-11-16 20:14:52.018582] O site está online. Tempo de resposta: 3.83s
[2024-11-16 20:15:56.109032] O site está online. Tempo de resposta: 4.06s
[2024-11-16 20:16:57.072695] O site está online. Tempo de resposta: 0.95s
[2024-11-16 20:17:58.206718] O site está online. Tempo de resposta: 1.13s
[2024-11-16 20:18:59.288044] O site está online. Tempo de resposta: 1.08s
[2024-11-16 20:20:00.454139] O site está online. Tempo de resposta: 1.16s
[2024-11-16 20:21:01.620985] O site está online. Tempo de resposta: 1.16s
[2024-11-16 20:22:02.774073] O site está online. Tempo de resposta: 1.15s
[2024-11-16 20:23:04.004039] O site está online. Tempo de resposta: 1.23s
